1::Initializer::main::Wed Mar 03 09:37:04 EST 2021::My first log
1::Node::<init>::Wed Mar 03 09:37:04 EST 2021::Peer 1 ready
1::Node::<init>::Wed Mar 03 09:37:04 EST 2021::Peer 2 ready
1::Node::start::Wed Mar 03 09:37:04 EST 2021::Peer: 1: I want to buy Fish
1::Node::lookup::Wed Mar 03 09:37:04 EST 2021::Peer: 1: Looking up Fish in my neighbour peers.
22::Node::lookup_helper::Wed Mar 03 09:37:04 EST 2021::Peer: 2: I don't have Fish
1::Node::start::Wed Mar 03 09:37:04 EST 2021::Peer: 1: Couldn't find the item Fish
1::Node::start::Wed Mar 03 09:37:04 EST 2021::Peer: 1: I want to buy Fish
1::Node::lookup::Wed Mar 03 09:37:04 EST 2021::Peer: 1: Looking up Fish in my neighbour peers.
22::Node::lookup_helper::Wed Mar 03 09:37:04 EST 2021::Peer: 2: I don't have Fish
1::Node::start::Wed Mar 03 09:37:04 EST 2021::Peer: 1: Couldn't find the item Fish
1::Node::start::Wed Mar 03 09:37:04 EST 2021::Peer: 1: I want to buy Fish
1::Node::lookup::Wed Mar 03 09:37:04 EST 2021::Peer: 1: Looking up Fish in my neighbour peers.
22::Node::lookup_helper::Wed Mar 03 09:37:04 EST 2021::Peer: 2: I don't have Fish
1::Node::start::Wed Mar 03 09:37:04 EST 2021::Peer: 1: Couldn't find the item Fish
1::Node::start::Wed Mar 03 09:37:04 EST 2021::Peer: 1: I want to buy Fish
1::Node::lookup::Wed Mar 03 09:37:04 EST 2021::Peer: 1: Looking up Fish in my neighbour peers.
22::Node::lookup_helper::Wed Mar 03 09:37:04 EST 2021::Peer: 2: I don't have Fish
1::Node::start::Wed Mar 03 09:37:04 EST 2021::Peer: 1: Couldn't find the item Fish
1::Node::start::Wed Mar 03 09:37:04 EST 2021::Peer: 1: I want to buy Fish
1::Node::lookup::Wed Mar 03 09:37:04 EST 2021::Peer: 1: Looking up Fish in my neighbour peers.
22::Node::lookup_helper::Wed Mar 03 09:37:04 EST 2021::Peer: 2: I don't have Fish
1::Node::start::Wed Mar 03 09:37:04 EST 2021::Peer: 1: Couldn't find the item Fish
1::Node::start::Wed Mar 03 09:37:04 EST 2021::Peer: 1: I want to buy Fish
1::Node::lookup::Wed Mar 03 09:37:04 EST 2021::Peer: 1: Looking up Fish in my neighbour peers.
22::Node::lookup_helper::Wed Mar 03 09:37:04 EST 2021::Peer: 2: I don't have Fish
1::Node::start::Wed Mar 03 09:37:04 EST 2021::Peer: 1: Couldn't find the item Fish
1::Node::start::Wed Mar 03 09:37:04 EST 2021::Peer: 1: I want to buy Fish
1::Node::lookup::Wed Mar 03 09:37:04 EST 2021::Peer: 1: Looking up Fish in my neighbour peers.
22::Node::lookup_helper::Wed Mar 03 09:37:04 EST 2021::Peer: 2: I don't have Fish
1::Node::start::Wed Mar 03 09:37:04 EST 2021::Peer: 1: Couldn't find the item Fish
1::Node::start::Wed Mar 03 09:37:04 EST 2021::Peer: 1: I want to buy Fish
1::Node::lookup::Wed Mar 03 09:37:04 EST 2021::Peer: 1: Looking up Fish in my neighbour peers.
22::Node::lookup_helper::Wed Mar 03 09:37:04 EST 2021::Peer: 2: I don't have Fish
1::Node::start::Wed Mar 03 09:37:04 EST 2021::Peer: 1: Couldn't find the item Fish
