1::Wed Mar 10 15:38:13 EST 2021::Logger Initialized
1::Wed Mar 10 15:38:13 EST 2021::Peer 3: role: buyer
1::Wed Mar 10 15:38:13 EST 2021::Peer 3: port_id: 8013
1::Wed Mar 10 15:38:13 EST 2021::Peer 3: item to buy/sell: Fish
1::Wed Mar 10 15:38:13 EST 2021::Peer 3: peers: [I@3f8f9dd6
1::Wed Mar 10 15:38:13 EST 2021::Peer 3: available hop count for request: 1
1::Wed Mar 10 15:38:13 EST 2021::Peer 3: Ready
1::Wed Mar 10 15:38:13 EST 2021::Peer 3: I want to buy 'Fish'
1::Wed Mar 10 15:38:13 EST 2021::Peer 3: Sending lookup request for item 'Fish' in my neighbour peer 0.
1::Wed Mar 10 15:38:15 EST 2021::Peer 3: Couldn't find the item 'Fish' anywhere.
1::Wed Mar 10 15:38:15 EST 2021::Peer 3: I want to buy 'Fish'
1::Wed Mar 10 15:38:15 EST 2021::Peer 3: Sending lookup request for item 'Fish' in my neighbour peer 0.
1::Wed Mar 10 15:38:17 EST 2021::Peer 3: Couldn't find the item 'Fish' anywhere.
1::Wed Mar 10 15:38:17 EST 2021::Peer 3: I want to buy 'Fish'
1::Wed Mar 10 15:38:17 EST 2021::Peer 3: Sending lookup request for item 'Fish' in my neighbour peer 0.
1::Wed Mar 10 15:38:18 EST 2021::Peer 3: The sellers who gave positive response are [0].
1::Wed Mar 10 15:38:20 EST 2021::Peer 3: Trying to Buy 'Fish' from peer 0
1::Wed Mar 10 15:38:20 EST 2021::Peer 3: Couldn't buy 'Fish' from 0
1::Wed Mar 10 15:38:20 EST 2021::Peer 3: I want to buy 'Fish'
1::Wed Mar 10 15:38:20 EST 2021::Peer 3: Sending lookup request for item 'Fish' in my neighbour peer 0.
1::Wed Mar 10 15:38:20 EST 2021::Peer 3: Couldn't find the item 'Fish' anywhere.
1::Wed Mar 10 15:38:20 EST 2021::Peer 3: I want to buy 'Fish'
1::Wed Mar 10 15:38:20 EST 2021::Peer 3: Sending lookup request for item 'Fish' in my neighbour peer 0.
1::Wed Mar 10 15:38:20 EST 2021::Peer 3: Couldn't find the item 'Fish' anywhere.
1::Wed Mar 10 15:38:20 EST 2021::Peer 3: I want to buy 'Fish'
1::Wed Mar 10 15:38:20 EST 2021::Peer 3: Sending lookup request for item 'Fish' in my neighbour peer 0.
1::Wed Mar 10 15:38:20 EST 2021::Peer 3: Couldn't find the item 'Fish' anywhere.
1::Wed Mar 10 15:38:20 EST 2021::Peer 3: I want to buy 'Fish'
1::Wed Mar 10 15:38:20 EST 2021::Peer 3: Sending lookup request for item 'Fish' in my neighbour peer 0.
1::Wed Mar 10 15:38:20 EST 2021::Peer 3: Couldn't find the item 'Fish' anywhere.
1::Wed Mar 10 15:38:20 EST 2021::Peer 3: I want to buy 'Fish'
1::Wed Mar 10 15:38:20 EST 2021::Peer 3: Sending lookup request for item 'Fish' in my neighbour peer 0.
1::Wed Mar 10 15:38:20 EST 2021::Peer 3: Couldn't find the item 'Fish' anywhere.
1::Wed Mar 10 15:38:20 EST 2021::Peer 3: I want to buy 'Fish'
1::Wed Mar 10 15:38:20 EST 2021::Peer 3: Sending lookup request for item 'Fish' in my neighbour peer 0.
1::Wed Mar 10 15:38:20 EST 2021::Peer 3: Couldn't find the item 'Fish' anywhere.
1::Wed Mar 10 15:38:20 EST 2021::Peer 3: I want to buy 'Fish'
1::Wed Mar 10 15:38:20 EST 2021::Peer 3: Sending lookup request for item 'Fish' in my neighbour peer 0.
1::Wed Mar 10 15:38:20 EST 2021::Peer 3: Couldn't find the item 'Fish' anywhere.
1::Wed Mar 10 15:38:20 EST 2021::Peer 3: I want to buy 'Fish'
1::Wed Mar 10 15:38:20 EST 2021::Peer 3: Sending lookup request for item 'Fish' in my neighbour peer 0.
1::Wed Mar 10 15:38:20 EST 2021::Peer 3: Couldn't find the item 'Fish' anywhere.
1::Wed Mar 10 15:38:20 EST 2021::Peer 3: I want to buy 'Fish'
1::Wed Mar 10 15:38:20 EST 2021::Peer 3: Sending lookup request for item 'Fish' in my neighbour peer 0.
1::Wed Mar 10 15:38:20 EST 2021::Peer 3: Couldn't find the item 'Fish' anywhere.
1::Wed Mar 10 15:38:20 EST 2021::Peer 3: I want to buy 'Fish'
1::Wed Mar 10 15:38:20 EST 2021::Peer 3: Sending lookup request for item 'Fish' in my neighbour peer 0.
1::Wed Mar 10 15:38:20 EST 2021::Peer 3: Couldn't find the item 'Fish' anywhere.
1::Wed Mar 10 15:38:20 EST 2021::Peer 3: I want to buy 'Fish'
1::Wed Mar 10 15:38:20 EST 2021::Peer 3: Sending lookup request for item 'Fish' in my neighbour peer 0.
1::Wed Mar 10 15:38:20 EST 2021::Peer 3: Couldn't find the item 'Fish' anywhere.
1::Wed Mar 10 15:38:20 EST 2021::Peer 3: I want to buy 'Fish'
1::Wed Mar 10 15:38:20 EST 2021::Peer 3: Sending lookup request for item 'Fish' in my neighbour peer 0.
1::Wed Mar 10 15:38:20 EST 2021::Peer 3: Couldn't find the item 'Fish' anywhere.
1::Wed Mar 10 15:38:20 EST 2021::Peer 3: I want to buy 'Fish'
1::Wed Mar 10 15:38:21 EST 2021::Peer 3: Sending lookup request for item 'Fish' in my neighbour peer 0.
1::Wed Mar 10 15:38:21 EST 2021::Peer 3: Couldn't find the item 'Fish' anywhere.
1::Wed Mar 10 15:38:21 EST 2021::Peer 3: I want to buy 'Fish'
1::Wed Mar 10 15:38:21 EST 2021::Peer 3: Sending lookup request for item 'Fish' in my neighbour peer 0.
1::Wed Mar 10 15:38:21 EST 2021::Peer 3: Couldn't find the item 'Fish' anywhere.
1::Wed Mar 10 15:38:21 EST 2021::Peer 3: I want to buy 'Fish'
1::Wed Mar 10 15:38:21 EST 2021::Peer 3: Sending lookup request for item 'Fish' in my neighbour peer 0.
1::Wed Mar 10 15:38:21 EST 2021::Peer 3: Couldn't find the item 'Fish' anywhere.
1::Wed Mar 10 15:38:21 EST 2021::Peer 3: I want to buy 'Fish'
1::Wed Mar 10 15:38:21 EST 2021::Peer 3: Sending lookup request for item 'Fish' in my neighbour peer 0.
1::Wed Mar 10 15:38:21 EST 2021::Peer 3: Couldn't find the item 'Fish' anywhere.
1::Wed Mar 10 15:38:21 EST 2021::Peer 3: I want to buy 'Fish'
1::Wed Mar 10 15:38:21 EST 2021::Peer 3: Sending lookup request for item 'Fish' in my neighbour peer 0.
1::Wed Mar 10 15:38:21 EST 2021::Peer 3: Couldn't find the item 'Fish' anywhere.
1::Wed Mar 10 15:38:21 EST 2021::Peer 3: I want to buy 'Fish'
1::Wed Mar 10 15:38:21 EST 2021::Peer 3: Sending lookup request for item 'Fish' in my neighbour peer 0.
1::Wed Mar 10 15:38:21 EST 2021::Peer 3: Couldn't find the item 'Fish' anywhere.
1::Wed Mar 10 15:38:21 EST 2021::Peer 3: I want to buy 'Fish'
1::Wed Mar 10 15:38:21 EST 2021::Peer 3: Sending lookup request for item 'Fish' in my neighbour peer 0.
1::Wed Mar 10 15:38:21 EST 2021::Peer 3: Couldn't find the item 'Fish' anywhere.
1::Wed Mar 10 15:38:21 EST 2021::Peer 3: I want to buy 'Fish'
1::Wed Mar 10 15:38:21 EST 2021::Peer 3: Sending lookup request for item 'Fish' in my neighbour peer 0.
1::Wed Mar 10 15:38:21 EST 2021::Peer 3: Couldn't find the item 'Fish' anywhere.
1::Wed Mar 10 15:38:21 EST 2021::Peer 3: I want to buy 'Fish'
1::Wed Mar 10 15:38:21 EST 2021::Peer 3: Sending lookup request for item 'Fish' in my neighbour peer 0.
1::Wed Mar 10 15:38:21 EST 2021::Peer 3: Couldn't find the item 'Fish' anywhere.
1::Wed Mar 10 15:38:21 EST 2021::Peer 3: I want to buy 'Fish'
1::Wed Mar 10 15:38:21 EST 2021::Peer 3: Sending lookup request for item 'Fish' in my neighbour peer 0.
1::Wed Mar 10 15:38:21 EST 2021::Peer 3: Couldn't find the item 'Fish' anywhere.
1::Wed Mar 10 15:38:21 EST 2021::Peer 3: I want to buy 'Fish'
1::Wed Mar 10 15:38:21 EST 2021::Peer 3: Sending lookup request for item 'Fish' in my neighbour peer 0.
1::Wed Mar 10 15:38:21 EST 2021::Peer 3: Couldn't find the item 'Fish' anywhere.
1::Wed Mar 10 15:38:21 EST 2021::Peer 3: I want to buy 'Fish'
1::Wed Mar 10 15:38:21 EST 2021::Peer 3: Sending lookup request for item 'Fish' in my neighbour peer 0.
1::Wed Mar 10 15:38:21 EST 2021::Peer 3: Couldn't find the item 'Fish' anywhere.
1::Wed Mar 10 15:38:21 EST 2021::Peer 3: I want to buy 'Fish'
1::Wed Mar 10 15:38:21 EST 2021::Peer 3: Sending lookup request for item 'Fish' in my neighbour peer 0.
1::Wed Mar 10 15:38:21 EST 2021::Peer 3: Couldn't find the item 'Fish' anywhere.
1::Wed Mar 10 15:38:21 EST 2021::Peer 3: I want to buy 'Fish'
1::Wed Mar 10 15:38:21 EST 2021::Peer 3: Sending lookup request for item 'Fish' in my neighbour peer 0.
1::Wed Mar 10 15:38:21 EST 2021::Peer 3: Couldn't find the item 'Fish' anywhere.
1::Wed Mar 10 15:38:21 EST 2021::Peer 3: I want to buy 'Fish'
1::Wed Mar 10 15:38:21 EST 2021::Peer 3: Sending lookup request for item 'Fish' in my neighbour peer 0.
1::Wed Mar 10 15:38:21 EST 2021::Peer 3: Couldn't find the item 'Fish' anywhere.
1::Wed Mar 10 15:38:21 EST 2021::Peer 3: I want to buy 'Fish'
1::Wed Mar 10 15:38:21 EST 2021::Peer 3: Sending lookup request for item 'Fish' in my neighbour peer 0.
1::Wed Mar 10 15:38:21 EST 2021::Peer 3: Couldn't find the item 'Fish' anywhere.
1::Wed Mar 10 15:38:21 EST 2021::Peer 3: I want to buy 'Fish'
1::Wed Mar 10 15:38:21 EST 2021::Peer 3: Sending lookup request for item 'Fish' in my neighbour peer 0.
1::Wed Mar 10 15:38:21 EST 2021::Peer 3: Couldn't find the item 'Fish' anywhere.
1::Wed Mar 10 15:38:21 EST 2021::Peer 3: I want to buy 'Fish'
1::Wed Mar 10 15:38:21 EST 2021::Peer 3: Sending lookup request for item 'Fish' in my neighbour peer 0.
1::Wed Mar 10 15:38:21 EST 2021::Peer 3: Couldn't find the item 'Fish' anywhere.
1::Wed Mar 10 15:38:21 EST 2021::Peer 3: I want to buy 'Fish'
1::Wed Mar 10 15:38:21 EST 2021::Peer 3: Sending lookup request for item 'Fish' in my neighbour peer 0.
1::Wed Mar 10 15:38:21 EST 2021::Peer 3: Couldn't find the item 'Fish' anywhere.
1::Wed Mar 10 15:38:21 EST 2021::Peer 3: I want to buy 'Fish'
1::Wed Mar 10 15:38:21 EST 2021::Peer 3: Sending lookup request for item 'Fish' in my neighbour peer 0.
1::Wed Mar 10 15:38:21 EST 2021::Peer 3: Couldn't find the item 'Fish' anywhere.
1::Wed Mar 10 15:38:21 EST 2021::Peer 3: I want to buy 'Fish'
1::Wed Mar 10 15:38:21 EST 2021::Peer 3: Sending lookup request for item 'Fish' in my neighbour peer 0.
1::Wed Mar 10 15:38:21 EST 2021::Peer 3: Couldn't find the item 'Fish' anywhere.
1::Wed Mar 10 15:38:21 EST 2021::Peer 3: I want to buy 'Fish'
1::Wed Mar 10 15:38:21 EST 2021::Peer 3: Sending lookup request for item 'Fish' in my neighbour peer 0.
1::Wed Mar 10 15:38:21 EST 2021::Peer 3: Couldn't find the item 'Fish' anywhere.
1::Wed Mar 10 15:38:21 EST 2021::Peer 3: I want to buy 'Fish'
1::Wed Mar 10 15:38:21 EST 2021::Peer 3: Sending lookup request for item 'Fish' in my neighbour peer 0.
1::Wed Mar 10 15:38:21 EST 2021::Peer 3: Couldn't find the item 'Fish' anywhere.
1::Wed Mar 10 15:38:21 EST 2021::Peer 3: I want to buy 'Fish'
1::Wed Mar 10 15:38:21 EST 2021::Peer 3: Sending lookup request for item 'Fish' in my neighbour peer 0.
1::Wed Mar 10 15:38:21 EST 2021::Peer 3: Couldn't find the item 'Fish' anywhere.
1::Wed Mar 10 15:38:21 EST 2021::Peer 3: I want to buy 'Fish'
1::Wed Mar 10 15:38:21 EST 2021::Peer 3: Sending lookup request for item 'Fish' in my neighbour peer 0.
1::Wed Mar 10 15:38:21 EST 2021::Peer 3: Couldn't find the item 'Fish' anywhere.
1::Wed Mar 10 15:38:21 EST 2021::Peer 3: I want to buy 'Fish'
1::Wed Mar 10 15:38:21 EST 2021::Peer 3: Sending lookup request for item 'Fish' in my neighbour peer 0.
1::Wed Mar 10 15:38:21 EST 2021::Peer 3: Couldn't find the item 'Fish' anywhere.
1::Wed Mar 10 15:38:21 EST 2021::Peer 3: I want to buy 'Fish'
1::Wed Mar 10 15:38:21 EST 2021::Peer 3: Sending lookup request for item 'Fish' in my neighbour peer 0.
1::Wed Mar 10 15:38:21 EST 2021::Peer 3: Couldn't find the item 'Fish' anywhere.
1::Wed Mar 10 15:38:21 EST 2021::Peer 3: I want to buy 'Fish'
1::Wed Mar 10 15:38:21 EST 2021::Peer 3: Sending lookup request for item 'Fish' in my neighbour peer 0.
1::Wed Mar 10 15:38:21 EST 2021::Peer 3: Couldn't find the item 'Fish' anywhere.
1::Wed Mar 10 15:38:21 EST 2021::Peer 3: I want to buy 'Fish'
1::Wed Mar 10 15:38:21 EST 2021::Peer 3: Sending lookup request for item 'Fish' in my neighbour peer 0.
1::Wed Mar 10 15:38:21 EST 2021::Peer 3: Couldn't find the item 'Fish' anywhere.
1::Wed Mar 10 15:38:21 EST 2021::Peer 3: I want to buy 'Fish'
1::Wed Mar 10 15:38:21 EST 2021::Peer 3: Sending lookup request for item 'Fish' in my neighbour peer 0.
1::Wed Mar 10 15:38:21 EST 2021::Peer 3: Couldn't find the item 'Fish' anywhere.
1::Wed Mar 10 15:38:21 EST 2021::Peer 3: I want to buy 'Fish'
1::Wed Mar 10 15:38:21 EST 2021::Peer 3: Sending lookup request for item 'Fish' in my neighbour peer 0.
1::Wed Mar 10 15:38:21 EST 2021::Peer 3: Couldn't find the item 'Fish' anywhere.
1::Wed Mar 10 15:38:21 EST 2021::Peer 3: I want to buy 'Fish'
1::Wed Mar 10 15:38:21 EST 2021::Peer 3: Sending lookup request for item 'Fish' in my neighbour peer 0.
1::Wed Mar 10 15:38:21 EST 2021::Peer 3: Couldn't find the item 'Fish' anywhere.
1::Wed Mar 10 15:38:21 EST 2021::Peer 3: I want to buy 'Fish'
1::Wed Mar 10 15:38:21 EST 2021::Peer 3: Sending lookup request for item 'Fish' in my neighbour peer 0.
1::Wed Mar 10 15:38:21 EST 2021::Peer 3: Couldn't find the item 'Fish' anywhere.
1::Wed Mar 10 15:38:21 EST 2021::Peer 3: I want to buy 'Fish'
1::Wed Mar 10 15:38:21 EST 2021::Peer 3: Sending lookup request for item 'Fish' in my neighbour peer 0.
1::Wed Mar 10 15:38:21 EST 2021::Peer 3: Couldn't find the item 'Fish' anywhere.
1::Wed Mar 10 15:38:21 EST 2021::Peer 3: I want to buy 'Fish'
1::Wed Mar 10 15:38:21 EST 2021::Peer 3: Sending lookup request for item 'Fish' in my neighbour peer 0.
1::Wed Mar 10 15:38:21 EST 2021::Peer 3: Couldn't find the item 'Fish' anywhere.
1::Wed Mar 10 15:38:21 EST 2021::Peer 3: I want to buy 'Fish'
1::Wed Mar 10 15:38:21 EST 2021::Peer 3: Sending lookup request for item 'Fish' in my neighbour peer 0.
1::Wed Mar 10 15:38:21 EST 2021::Peer 3: Couldn't find the item 'Fish' anywhere.
1::Wed Mar 10 15:38:21 EST 2021::Peer 3: I want to buy 'Fish'
1::Wed Mar 10 15:38:21 EST 2021::Peer 3: Sending lookup request for item 'Fish' in my neighbour peer 0.
1::Wed Mar 10 15:38:21 EST 2021::Peer 3: Couldn't find the item 'Fish' anywhere.
1::Wed Mar 10 15:38:21 EST 2021::Peer 3: I want to buy 'Fish'
1::Wed Mar 10 15:38:21 EST 2021::Peer 3: Sending lookup request for item 'Fish' in my neighbour peer 0.
1::Wed Mar 10 15:38:21 EST 2021::Peer 3: Couldn't find the item 'Fish' anywhere.
1::Wed Mar 10 15:38:21 EST 2021::Peer 3: I want to buy 'Fish'
1::Wed Mar 10 15:38:21 EST 2021::Peer 3: Sending lookup request for item 'Fish' in my neighbour peer 0.
1::Wed Mar 10 15:38:21 EST 2021::Peer 3: Couldn't find the item 'Fish' anywhere.
1::Wed Mar 10 15:38:21 EST 2021::Peer 3: I want to buy 'Fish'
1::Wed Mar 10 15:38:21 EST 2021::Peer 3: Sending lookup request for item 'Fish' in my neighbour peer 0.
1::Wed Mar 10 15:38:21 EST 2021::Peer 3: Couldn't find the item 'Fish' anywhere.
1::Wed Mar 10 15:38:21 EST 2021::Peer 3: I want to buy 'Fish'
1::Wed Mar 10 15:38:21 EST 2021::Peer 3: Sending lookup request for item 'Fish' in my neighbour peer 0.
1::Wed Mar 10 15:38:21 EST 2021::Peer 3: Couldn't find the item 'Fish' anywhere.
1::Wed Mar 10 15:38:21 EST 2021::Peer 3: I want to buy 'Fish'
1::Wed Mar 10 15:38:21 EST 2021::Peer 3: Sending lookup request for item 'Fish' in my neighbour peer 0.
1::Wed Mar 10 15:38:21 EST 2021::Peer 3: Couldn't find the item 'Fish' anywhere.
1::Wed Mar 10 15:38:21 EST 2021::Peer 3: I want to buy 'Fish'
1::Wed Mar 10 15:38:21 EST 2021::Peer 3: Sending lookup request for item 'Fish' in my neighbour peer 0.
1::Wed Mar 10 15:38:21 EST 2021::Peer 3: Couldn't find the item 'Fish' anywhere.
1::Wed Mar 10 15:38:21 EST 2021::Peer 3: I want to buy 'Fish'
1::Wed Mar 10 15:38:21 EST 2021::Peer 3: Sending lookup request for item 'Fish' in my neighbour peer 0.
1::Wed Mar 10 15:38:21 EST 2021::Peer 3: Couldn't find the item 'Fish' anywhere.
1::Wed Mar 10 15:38:21 EST 2021::Peer 3: I want to buy 'Fish'
1::Wed Mar 10 15:38:21 EST 2021::Peer 3: Sending lookup request for item 'Fish' in my neighbour peer 0.
1::Wed Mar 10 15:38:21 EST 2021::Peer 3: Couldn't find the item 'Fish' anywhere.
1::Wed Mar 10 15:38:21 EST 2021::Peer 3: I want to buy 'Fish'
1::Wed Mar 10 15:38:21 EST 2021::Peer 3: Sending lookup request for item 'Fish' in my neighbour peer 0.
1::Wed Mar 10 15:38:21 EST 2021::Peer 3: Couldn't find the item 'Fish' anywhere.
1::Wed Mar 10 15:38:21 EST 2021::Peer 3: I want to buy 'Fish'
1::Wed Mar 10 15:38:21 EST 2021::Peer 3: Sending lookup request for item 'Fish' in my neighbour peer 0.
1::Wed Mar 10 15:38:21 EST 2021::Peer 3: Couldn't find the item 'Fish' anywhere.
1::Wed Mar 10 15:38:21 EST 2021::Peer 3: I want to buy 'Fish'
1::Wed Mar 10 15:38:21 EST 2021::Peer 3: Sending lookup request for item 'Fish' in my neighbour peer 0.
1::Wed Mar 10 15:38:21 EST 2021::Peer 3: Couldn't find the item 'Fish' anywhere.
1::Wed Mar 10 15:38:21 EST 2021::Peer 3: I want to buy 'Fish'
1::Wed Mar 10 15:38:21 EST 2021::Peer 3: Sending lookup request for item 'Fish' in my neighbour peer 0.
1::Wed Mar 10 15:38:21 EST 2021::Peer 3: Couldn't find the item 'Fish' anywhere.
1::Wed Mar 10 15:38:21 EST 2021::Peer 3: I want to buy 'Fish'
1::Wed Mar 10 15:38:21 EST 2021::Peer 3: Sending lookup request for item 'Fish' in my neighbour peer 0.
1::Wed Mar 10 15:38:23 EST 2021::Peer 3: Couldn't find the item 'Fish' anywhere.
1::Wed Mar 10 15:38:23 EST 2021::Peer 3: I want to buy 'Fish'
1::Wed Mar 10 15:38:23 EST 2021::Peer 3: Sending lookup request for item 'Fish' in my neighbour peer 0.
1::Wed Mar 10 15:38:25 EST 2021::Peer 3: Couldn't find the item 'Fish' anywhere.
1::Wed Mar 10 15:38:25 EST 2021::Peer 3: I want to buy 'Fish'
1::Wed Mar 10 15:38:25 EST 2021::Peer 3: Sending lookup request for item 'Fish' in my neighbour peer 0.
1::Wed Mar 10 15:38:27 EST 2021::Peer 3: Couldn't find the item 'Fish' anywhere.
1::Wed Mar 10 15:38:27 EST 2021::Peer 3: I want to buy 'Fish'
1::Wed Mar 10 15:38:27 EST 2021::Peer 3: Sending lookup request for item 'Fish' in my neighbour peer 0.
1::Wed Mar 10 15:38:29 EST 2021::Peer 3: Couldn't find the item 'Fish' anywhere.
1::Wed Mar 10 15:38:29 EST 2021::Peer 3: I want to buy 'Fish'
1::Wed Mar 10 15:38:29 EST 2021::Peer 3: Sending lookup request for item 'Fish' in my neighbour peer 0.
1::Wed Mar 10 15:38:31 EST 2021::Peer 3: Couldn't find the item 'Fish' anywhere.
1::Wed Mar 10 15:38:31 EST 2021::Peer 3: I want to buy 'Fish'
1::Wed Mar 10 15:38:31 EST 2021::Peer 3: Sending lookup request for item 'Fish' in my neighbour peer 0.
1::Wed Mar 10 15:38:33 EST 2021::Peer 3: Couldn't find the item 'Fish' anywhere.
1::Wed Mar 10 15:38:33 EST 2021::Peer 3: I want to buy 'Fish'
1::Wed Mar 10 15:38:33 EST 2021::Peer 3: Sending lookup request for item 'Fish' in my neighbour peer 0.
1::Wed Mar 10 15:38:35 EST 2021::Peer 3: Couldn't find the item 'Fish' anywhere.
1::Wed Mar 10 15:38:35 EST 2021::Peer 3: I want to buy 'Fish'
1::Wed Mar 10 15:38:35 EST 2021::Peer 3: Sending lookup request for item 'Fish' in my neighbour peer 0.
1::Wed Mar 10 15:38:37 EST 2021::Peer 3: Couldn't find the item 'Fish' anywhere.
1::Wed Mar 10 15:38:37 EST 2021::Peer 3: I want to buy 'Fish'
1::Wed Mar 10 15:38:37 EST 2021::Peer 3: Sending lookup request for item 'Fish' in my neighbour peer 0.
1::Wed Mar 10 15:38:39 EST 2021::Peer 3: Couldn't find the item 'Fish' anywhere.
1::Wed Mar 10 15:38:39 EST 2021::Peer 3: I want to buy 'Fish'
1::Wed Mar 10 15:38:39 EST 2021::Peer 3: Sending lookup request for item 'Fish' in my neighbour peer 0.
1::Wed Mar 10 15:38:41 EST 2021::Peer 3: Couldn't find the item 'Fish' anywhere.
1::Wed Mar 10 15:38:41 EST 2021::Peer 3: I want to buy 'Fish'
1::Wed Mar 10 15:38:41 EST 2021::Peer 3: Sending lookup request for item 'Fish' in my neighbour peer 0.
1::Wed Mar 10 15:38:43 EST 2021::Peer 3: Couldn't find the item 'Fish' anywhere.
1::Wed Mar 10 15:38:43 EST 2021::Peer 3: I want to buy 'Fish'
1::Wed Mar 10 15:38:43 EST 2021::Peer 3: Sending lookup request for item 'Fish' in my neighbour peer 0.
1::Wed Mar 10 15:38:45 EST 2021::Peer 3: Couldn't find the item 'Fish' anywhere.
1::Wed Mar 10 15:38:45 EST 2021::Peer 3: I want to buy 'Fish'
1::Wed Mar 10 15:38:45 EST 2021::Peer 3: Sending lookup request for item 'Fish' in my neighbour peer 0.
1::Wed Mar 10 15:38:47 EST 2021::Peer 3: Couldn't find the item 'Fish' anywhere.
1::Wed Mar 10 15:38:47 EST 2021::Peer 3: I want to buy 'Fish'
1::Wed Mar 10 15:38:47 EST 2021::Peer 3: Sending lookup request for item 'Fish' in my neighbour peer 0.
1::Wed Mar 10 15:38:49 EST 2021::Peer 3: Couldn't find the item 'Fish' anywhere.
1::Wed Mar 10 15:38:49 EST 2021::Peer 3: I want to buy 'Fish'
1::Wed Mar 10 15:38:49 EST 2021::Peer 3: Sending lookup request for item 'Fish' in my neighbour peer 0.
1::Wed Mar 10 15:38:51 EST 2021::Peer 3: Couldn't find the item 'Fish' anywhere.
1::Wed Mar 10 15:38:51 EST 2021::Peer 3: I want to buy 'Fish'
1::Wed Mar 10 15:38:51 EST 2021::Peer 3: Sending lookup request for item 'Fish' in my neighbour peer 0.
1::Wed Mar 10 15:38:53 EST 2021::Peer 3: Couldn't find the item 'Fish' anywhere.
1::Wed Mar 10 15:38:53 EST 2021::Peer 3: I want to buy 'Fish'
1::Wed Mar 10 15:38:53 EST 2021::Peer 3: Sending lookup request for item 'Fish' in my neighbour peer 0.
1::Wed Mar 10 15:38:55 EST 2021::Peer 3: Couldn't find the item 'Fish' anywhere.
1::Wed Mar 10 15:38:55 EST 2021::Peer 3: I want to buy 'Fish'
1::Wed Mar 10 15:38:55 EST 2021::Peer 3: Sending lookup request for item 'Fish' in my neighbour peer 0.
1::Wed Mar 10 15:38:57 EST 2021::Peer 3: Couldn't find the item 'Fish' anywhere.
1::Wed Mar 10 15:38:57 EST 2021::Peer 3: I want to buy 'Fish'
1::Wed Mar 10 15:38:57 EST 2021::Peer 3: Sending lookup request for item 'Fish' in my neighbour peer 0.
1::Wed Mar 10 15:38:59 EST 2021::Peer 3: Couldn't find the item 'Fish' anywhere.
1::Wed Mar 10 15:38:59 EST 2021::Peer 3: I want to buy 'Fish'
1::Wed Mar 10 15:38:59 EST 2021::Peer 3: Sending lookup request for item 'Fish' in my neighbour peer 0.
1::Wed Mar 10 15:39:01 EST 2021::Peer 3: Couldn't find the item 'Fish' anywhere.
1::Wed Mar 10 15:39:01 EST 2021::Peer 3: I want to buy 'Fish'
1::Wed Mar 10 15:39:01 EST 2021::Peer 3: Sending lookup request for item 'Fish' in my neighbour peer 0.
1::Wed Mar 10 15:39:03 EST 2021::Peer 3: Couldn't find the item 'Fish' anywhere.
1::Wed Mar 10 15:39:03 EST 2021::Peer 3: I want to buy 'Fish'
1::Wed Mar 10 15:39:03 EST 2021::Peer 3: Sending lookup request for item 'Fish' in my neighbour peer 0.
1::Wed Mar 10 15:39:05 EST 2021::Peer 3: Couldn't find the item 'Fish' anywhere.
1::Wed Mar 10 15:39:05 EST 2021::Peer 3: I want to buy 'Fish'
1::Wed Mar 10 15:39:05 EST 2021::Peer 3: Sending lookup request for item 'Fish' in my neighbour peer 0.
1::Wed Mar 10 15:39:07 EST 2021::Peer 3: Couldn't find the item 'Fish' anywhere.
1::Wed Mar 10 15:39:07 EST 2021::Peer 3: I want to buy 'Fish'
1::Wed Mar 10 15:39:07 EST 2021::Peer 3: Sending lookup request for item 'Fish' in my neighbour peer 0.
1::Wed Mar 10 15:39:09 EST 2021::Peer 3: Couldn't find the item 'Fish' anywhere.
1::Wed Mar 10 15:39:09 EST 2021::Peer 3: I want to buy 'Fish'
1::Wed Mar 10 15:39:09 EST 2021::Peer 3: Sending lookup request for item 'Fish' in my neighbour peer 0.
1::Wed Mar 10 15:39:11 EST 2021::Peer 3: Couldn't find the item 'Fish' anywhere.
1::Wed Mar 10 15:39:11 EST 2021::Peer 3: I want to buy 'Fish'
1::Wed Mar 10 15:39:11 EST 2021::Peer 3: Sending lookup request for item 'Fish' in my neighbour peer 0.
1::Wed Mar 10 15:39:13 EST 2021::Peer 3: Couldn't find the item 'Fish' anywhere.
1::Wed Mar 10 15:39:13 EST 2021::Peer 3: I want to buy 'Fish'
1::Wed Mar 10 15:39:13 EST 2021::Peer 3: Sending lookup request for item 'Fish' in my neighbour peer 0.
1::Wed Mar 10 15:39:15 EST 2021::Peer 3: Couldn't find the item 'Fish' anywhere.
1::Wed Mar 10 15:39:15 EST 2021::Peer 3: I want to buy 'Fish'
1::Wed Mar 10 15:39:15 EST 2021::Peer 3: Sending lookup request for item 'Fish' in my neighbour peer 0.
1::Wed Mar 10 15:39:17 EST 2021::Peer 3: Couldn't find the item 'Fish' anywhere.
1::Wed Mar 10 15:39:17 EST 2021::Peer 3: I want to buy 'Fish'
1::Wed Mar 10 15:39:17 EST 2021::Peer 3: Sending lookup request for item 'Fish' in my neighbour peer 0.
1::Wed Mar 10 15:39:19 EST 2021::Peer 3: Couldn't find the item 'Fish' anywhere.
1::Wed Mar 10 15:39:19 EST 2021::Peer 3: I want to buy 'Fish'
1::Wed Mar 10 15:39:19 EST 2021::Peer 3: Sending lookup request for item 'Fish' in my neighbour peer 0.
1::Wed Mar 10 15:39:21 EST 2021::Peer 3: Couldn't find the item 'Fish' anywhere.
1::Wed Mar 10 15:39:21 EST 2021::Peer 3: I want to buy 'Fish'
1::Wed Mar 10 15:39:21 EST 2021::Peer 3: Sending lookup request for item 'Fish' in my neighbour peer 0.
1::Wed Mar 10 15:39:23 EST 2021::Peer 3: Couldn't find the item 'Fish' anywhere.
1::Wed Mar 10 15:39:23 EST 2021::Peer 3: I want to buy 'Fish'
1::Wed Mar 10 15:39:23 EST 2021::Peer 3: Sending lookup request for item 'Fish' in my neighbour peer 0.
1::Wed Mar 10 15:39:25 EST 2021::Peer 3: Couldn't find the item 'Fish' anywhere.
1::Wed Mar 10 15:39:25 EST 2021::Peer 3: I want to buy 'Fish'
1::Wed Mar 10 15:39:25 EST 2021::Peer 3: Sending lookup request for item 'Fish' in my neighbour peer 0.
1::Wed Mar 10 15:39:27 EST 2021::Peer 3: Couldn't find the item 'Fish' anywhere.
1::Wed Mar 10 15:39:27 EST 2021::Peer 3: I want to buy 'Fish'
1::Wed Mar 10 15:39:27 EST 2021::Peer 3: Sending lookup request for item 'Fish' in my neighbour peer 0.
1::Wed Mar 10 15:39:30 EST 2021::Peer 3: Couldn't find the item 'Fish' anywhere.
1::Wed Mar 10 15:39:30 EST 2021::Peer 3: I want to buy 'Fish'
1::Wed Mar 10 15:39:30 EST 2021::Peer 3: Sending lookup request for item 'Fish' in my neighbour peer 0.
1::Wed Mar 10 15:39:32 EST 2021::Peer 3: Couldn't find the item 'Fish' anywhere.
1::Wed Mar 10 15:39:32 EST 2021::Peer 3: I want to buy 'Fish'
1::Wed Mar 10 15:39:32 EST 2021::Peer 3: Sending lookup request for item 'Fish' in my neighbour peer 0.
1::Wed Mar 10 15:39:34 EST 2021::Peer 3: Couldn't find the item 'Fish' anywhere.
1::Wed Mar 10 15:39:34 EST 2021::Peer 3: I want to buy 'Fish'
1::Wed Mar 10 15:39:34 EST 2021::Peer 3: Sending lookup request for item 'Fish' in my neighbour peer 0.
1::Wed Mar 10 15:39:36 EST 2021::Peer 3: Couldn't find the item 'Fish' anywhere.
1::Wed Mar 10 15:39:36 EST 2021::Peer 3: I want to buy 'Fish'
1::Wed Mar 10 15:39:36 EST 2021::Peer 3: Sending lookup request for item 'Fish' in my neighbour peer 0.
1::Wed Mar 10 15:39:38 EST 2021::Peer 3: Couldn't find the item 'Fish' anywhere.
1::Wed Mar 10 15:39:38 EST 2021::Peer 3: I want to buy 'Fish'
1::Wed Mar 10 15:39:38 EST 2021::Peer 3: Sending lookup request for item 'Fish' in my neighbour peer 0.
