1::main::Wed Mar 10 14:25:39 EST 2021::Logger Initialized
1::<init>::Wed Mar 10 14:25:39 EST 2021::Peer 5 ready
1::start::Wed Mar 10 14:25:39 EST 2021::Peer: 5: role: seller
21::lookup_helper::Wed Mar 10 14:25:42 EST 2021::Peer: 5: The request came through the path: [3]
21::lookup_helper::Wed Mar 10 14:25:42 EST 2021::Peer: 5: I don't have 'Boar'. I have 'Salt'. Forwarding the message to my other peers.
21::lookup_helper::Wed Mar 10 14:25:42 EST 2021::Peer: 5: Checking if I can go to 0 to buy.
21::lookup_helper::Wed Mar 10 14:25:42 EST 2021::Peer: 5: Yes!! I can go to 0 to buy.
24::reply_helper::Wed Mar 10 14:25:42 EST 2021::Peer: 5: traceback peers [3]
21::lookup_helper::Wed Mar 10 14:25:42 EST 2021::Peer: 5: Checking if I can go to 3 to buy.
21::lookup_helper::Wed Mar 10 14:25:47 EST 2021::Peer: 5: The request came through the path: [3]
21::lookup_helper::Wed Mar 10 14:25:47 EST 2021::Peer: 5: I don't have 'Boar'. I have 'Salt'. Forwarding the message to my other peers.
21::lookup_helper::Wed Mar 10 14:25:47 EST 2021::Peer: 5: Checking if I can go to 0 to buy.
21::lookup_helper::Wed Mar 10 14:25:47 EST 2021::Peer: 5: Yes!! I can go to 0 to buy.
23::reply_helper::Wed Mar 10 14:25:47 EST 2021::Peer: 5: traceback peers [3]
21::lookup_helper::Wed Mar 10 14:25:47 EST 2021::Peer: 5: Checking if I can go to 3 to buy.
21::lookup_helper::Wed Mar 10 14:25:52 EST 2021::Peer: 5: The request came through the path: [3]
21::lookup_helper::Wed Mar 10 14:25:52 EST 2021::Peer: 5: I don't have 'Boar'. I have 'Salt'. Forwarding the message to my other peers.
21::lookup_helper::Wed Mar 10 14:25:52 EST 2021::Peer: 5: Checking if I can go to 0 to buy.
21::lookup_helper::Wed Mar 10 14:25:52 EST 2021::Peer: 5: Yes!! I can go to 0 to buy.
23::reply_helper::Wed Mar 10 14:25:52 EST 2021::Peer: 5: traceback peers [3]
21::lookup_helper::Wed Mar 10 14:25:52 EST 2021::Peer: 5: Checking if I can go to 3 to buy.
23::lookup_helper::Wed Mar 10 14:25:56 EST 2021::Peer: 5: The request came through the path: [2, 4, 0]
23::lookup_helper::Wed Mar 10 14:25:56 EST 2021::Peer: 5: I don't have 'Boar'. I have 'Salt'. Forwarding the message to my other peers.
23::lookup_helper::Wed Mar 10 14:25:56 EST 2021::Peer: 5: Checking if I can go to 0 to buy.
23::lookup_helper::Wed Mar 10 14:25:56 EST 2021::Peer: 5: Checking if I can go to 3 to buy.
23::lookup_helper::Wed Mar 10 14:25:56 EST 2021::Peer: 5: Yes!! I can go to 3 to buy.
21::lookup_helper::Wed Mar 10 14:25:57 EST 2021::Peer: 5: The request came through the path: [3]
21::lookup_helper::Wed Mar 10 14:25:57 EST 2021::Peer: 5: I don't have 'Boar'. I have 'Salt'. Forwarding the message to my other peers.
21::lookup_helper::Wed Mar 10 14:25:57 EST 2021::Peer: 5: Checking if I can go to 0 to buy.
21::lookup_helper::Wed Mar 10 14:25:57 EST 2021::Peer: 5: Yes!! I can go to 0 to buy.
23::reply_helper::Wed Mar 10 14:25:57 EST 2021::Peer: 5: traceback peers [3]
21::lookup_helper::Wed Mar 10 14:25:57 EST 2021::Peer: 5: Checking if I can go to 3 to buy.
21::lookup_helper::Wed Mar 10 14:26:02 EST 2021::Peer: 5: The request came through the path: [3]
21::lookup_helper::Wed Mar 10 14:26:02 EST 2021::Peer: 5: I don't have 'Boar'. I have 'Salt'. Forwarding the message to my other peers.
21::lookup_helper::Wed Mar 10 14:26:02 EST 2021::Peer: 5: Checking if I can go to 0 to buy.
21::lookup_helper::Wed Mar 10 14:26:02 EST 2021::Peer: 5: Yes!! I can go to 0 to buy.
23::reply_helper::Wed Mar 10 14:26:02 EST 2021::Peer: 5: traceback peers [3]
21::lookup_helper::Wed Mar 10 14:26:02 EST 2021::Peer: 5: Checking if I can go to 3 to buy.
23::lookup_helper::Wed Mar 10 14:26:06 EST 2021::Peer: 5: The request came through the path: [2, 4, 0]
23::lookup_helper::Wed Mar 10 14:26:06 EST 2021::Peer: 5: I don't have 'Boar'. I have 'Salt'. Forwarding the message to my other peers.
23::lookup_helper::Wed Mar 10 14:26:06 EST 2021::Peer: 5: Checking if I can go to 0 to buy.
23::lookup_helper::Wed Mar 10 14:26:06 EST 2021::Peer: 5: Checking if I can go to 3 to buy.
23::lookup_helper::Wed Mar 10 14:26:06 EST 2021::Peer: 5: Yes!! I can go to 3 to buy.
21::lookup_helper::Wed Mar 10 14:26:07 EST 2021::Peer: 5: The request came through the path: [3]
21::lookup_helper::Wed Mar 10 14:26:07 EST 2021::Peer: 5: I don't have 'Boar'. I have 'Salt'. Forwarding the message to my other peers.
21::lookup_helper::Wed Mar 10 14:26:07 EST 2021::Peer: 5: Checking if I can go to 0 to buy.
21::lookup_helper::Wed Mar 10 14:26:07 EST 2021::Peer: 5: Yes!! I can go to 0 to buy.
23::reply_helper::Wed Mar 10 14:26:07 EST 2021::Peer: 5: traceback peers [3]
21::lookup_helper::Wed Mar 10 14:26:07 EST 2021::Peer: 5: Checking if I can go to 3 to buy.
21::lookup_helper::Wed Mar 10 14:26:12 EST 2021::Peer: 5: The request came through the path: [3]
21::lookup_helper::Wed Mar 10 14:26:12 EST 2021::Peer: 5: I don't have 'Boar'. I have 'Salt'. Forwarding the message to my other peers.
21::lookup_helper::Wed Mar 10 14:26:12 EST 2021::Peer: 5: Checking if I can go to 0 to buy.
21::lookup_helper::Wed Mar 10 14:26:12 EST 2021::Peer: 5: Yes!! I can go to 0 to buy.
21::lookup_helper::Wed Mar 10 14:26:14 EST 2021::Peer: 5: Couldn't connect to peer 0 to buy.
21::lookup_helper::Wed Mar 10 14:26:14 EST 2021::Peer: 5: Checking if I can go to 3 to buy.
